01:22:37 **** Incremental Build of configuration Default for project isp_sonyimx224_rgb_yuv_gs8 ****
make -j12 allsub 
Current SDK ROOT is /f/Spring_2021/Embedded_Autonomous_TA/Installations/S32DS_Vision_v2018.R1/S32DS/s32v234_sdk
make[1]: Entering directory '/f/Spring_2021/Embedded_Autonomous_TA/Installations/S32DS_Vision_v2018.R1/S32DS/s32v234_sdk/libs/io/frame_io/build-v234ce-gnu-linux-d'
make[2]: Entering directory '/f/Spring_2021/Embedded_Autonomous_TA/Installations/S32DS_Vision_v2018.R1/S32DS/s32v234_sdk/libs/io/frame_io/build-v234ce-gnu-linux-d'
make[2]: Nothing to be done for 'all'.
make[2]: Leaving directory '/f/Spring_2021/Embedded_Autonomous_TA/Installations/S32DS_Vision_v2018.R1/S32DS/s32v234_sdk/libs/io/frame_io/build-v234ce-gnu-linux-d'
make[1]: Leaving directory '/f/Spring_2021/Embedded_Autonomous_TA/Installations/S32DS_Vision_v2018.R1/S32DS/s32v234_sdk/libs/io/frame_io/build-v234ce-gnu-linux-d'
make[1]: Entering directory '/f/Spring_2021/Embedded_Autonomous_TA/Installations/S32DS_Vision_v2018.R1/S32DS/s32v234_sdk/libs/io/sdi/build-v234ce-gnu-linux-d'
make[2]: Entering directory '/f/Spring_2021/Embedded_Autonomous_TA/Installations/S32DS_Vision_v2018.R1/S32DS/s32v234_sdk/libs/io/sdi/build-v234ce-gnu-linux-d'
make[2]: Nothing to be done for 'all'.
make[2]: Leaving directory '/f/Spring_2021/Embedded_Autonomous_TA/Installations/S32DS_Vision_v2018.R1/S32DS/s32v234_sdk/libs/io/sdi/build-v234ce-gnu-linux-d'
make[1]: Leaving directory '/f/Spring_2021/Embedded_Autonomous_TA/Installations/S32DS_Vision_v2018.R1/S32DS/s32v234_sdk/libs/io/sdi/build-v234ce-gnu-linux-d'
make[1]: Entering directory '/f/Spring_2021/Embedded_Autonomous_TA/Installations/S32DS_Vision_v2018.R1/S32DS/s32v234_sdk/libs/isp/csi/user/build-v234ce-gnu-linux-d'
make[2]: Entering directory '/f/Spring_2021/Embedded_Autonomous_TA/Installations/S32DS_Vision_v2018.R1/S32DS/s32v234_sdk/libs/isp/csi/user/build-v234ce-gnu-linux-d'
make[2]: Nothing to be done for 'all'.
make[2]: Leaving directory '/f/Spring_2021/Embedded_Autonomous_TA/Installations/S32DS_Vision_v2018.R1/S32DS/s32v234_sdk/libs/isp/csi/user/build-v234ce-gnu-linux-d'
make[1]: Leaving directory '/f/Spring_2021/Embedded_Autonomous_TA/Installations/S32DS_Vision_v2018.R1/S32DS/s32v234_sdk/libs/isp/csi/user/build-v234ce-gnu-linux-d'
make[1]: Entering directory '/f/Spring_2021/Embedded_Autonomous_TA/Installations/S32DS_Vision_v2018.R1/S32DS/s32v234_sdk/libs/isp/cam_generic/user/build-v234ce-gnu-linux-d'
make[2]: Entering directory '/f/Spring_2021/Embedded_Autonomous_TA/Installations/S32DS_Vision_v2018.R1/S32DS/s32v234_sdk/libs/isp/cam_generic/user/build-v234ce-gnu-linux-d'
make[2]: Nothing to be done for 'all'.
make[2]: Leaving directory '/f/Spring_2021/Embedded_Autonomous_TA/Installations/S32DS_Vision_v2018.R1/S32DS/s32v234_sdk/libs/isp/cam_generic/user/build-v234ce-gnu-linux-d'
make[1]: Leaving directory '/f/Spring_2021/Embedded_Autonomous_TA/Installations/S32DS_Vision_v2018.R1/S32DS/s32v234_sdk/libs/isp/cam_generic/user/build-v234ce-gnu-linux-d'
make[1]: Entering directory '/f/Spring_2021/Embedded_Autonomous_TA/Installations/S32DS_Vision_v2018.R1/S32DS/s32v234_sdk/libs/utils/log/build-v234ce-gnu-linux-d'
make[2]: Entering directory '/f/Spring_2021/Embedded_Autonomous_TA/Installations/S32DS_Vision_v2018.R1/S32DS/s32v234_sdk/libs/utils/log/build-v234ce-gnu-linux-d'
make[2]: Nothing to be done for 'all'.
make[2]: Leaving directory '/f/Spring_2021/Embedded_Autonomous_TA/Installations/S32DS_Vision_v2018.R1/S32DS/s32v234_sdk/libs/utils/log/build-v234ce-gnu-linux-d'
make[1]: Leaving directory '/f/Spring_2021/Embedded_Autonomous_TA/Installations/S32DS_Vision_v2018.R1/S32DS/s32v234_sdk/libs/utils/log/build-v234ce-gnu-linux-d'
make[1]: Entering directory '/f/Spring_2021/Embedded_Autonomous_TA/Installations/S32DS_Vision_v2018.R1/S32DS/s32v234_sdk/libs/isp/sequencer/user/build-v234ce-gnu-linux-d'
make[2]: Entering directory '/f/Spring_2021/Embedded_Autonomous_TA/Installations/S32DS_Vision_v2018.R1/S32DS/s32v234_sdk/libs/isp/sequencer/user/build-v234ce-gnu-linux-d'
make[2]: Nothing to be done for 'all'.
make[2]: Leaving directory '/f/Spring_2021/Embedded_Autonomous_TA/Installations/S32DS_Vision_v2018.R1/S32DS/s32v234_sdk/libs/isp/sequencer/user/build-v234ce-gnu-linux-d'
make[1]: Leaving directory '/f/Spring_2021/Embedded_Autonomous_TA/Installations/S32DS_Vision_v2018.R1/S32DS/s32v234_sdk/libs/isp/sequencer/user/build-v234ce-gnu-linux-d'
make[1]: Entering directory '/f/Spring_2021/Embedded_Autonomous_TA/Installations/S32DS_Vision_v2018.R1/S32DS/s32v234_sdk/libs/isp/fdma/user/build-v234ce-gnu-linux-d'
make[2]: Entering directory '/f/Spring_2021/Embedded_Autonomous_TA/Installations/S32DS_Vision_v2018.R1/S32DS/s32v234_sdk/libs/isp/fdma/user/build-v234ce-gnu-linux-d'
make[2]: Nothing to be done for 'all'.
make[2]: Leaving directory '/f/Spring_2021/Embedded_Autonomous_TA/Installations/S32DS_Vision_v2018.R1/S32DS/s32v234_sdk/libs/isp/fdma/user/build-v234ce-gnu-linux-d'
make[1]: Leaving directory '/f/Spring_2021/Embedded_Autonomous_TA/Installations/S32DS_Vision_v2018.R1/S32DS/s32v234_sdk/libs/isp/fdma/user/build-v234ce-gnu-linux-d'
make[1]: Entering directory '/f/Spring_2021/Embedded_Autonomous_TA/Installations/S32DS_Vision_v2018.R1/S32DS/s32v234_sdk/libs/utils/oal/user/build-v234ce-gnu-linux-d'
make[2]: Entering directory '/f/Spring_2021/Embedded_Autonomous_TA/Installations/S32DS_Vision_v2018.R1/S32DS/s32v234_sdk/libs/utils/oal/user/build-v234ce-gnu-linux-d'
make[2]: Nothing to be done for 'all'.
make[2]: Leaving directory '/f/Spring_2021/Embedded_Autonomous_TA/Installations/S32DS_Vision_v2018.R1/S32DS/s32v234_sdk/libs/utils/oal/user/build-v234ce-gnu-linux-d'
make[1]: Leaving directory '/f/Spring_2021/Embedded_Autonomous_TA/Installations/S32DS_Vision_v2018.R1/S32DS/s32v234_sdk/libs/utils/oal/user/build-v234ce-gnu-linux-d'
make[1]: Entering directory '/f/Spring_2021/Embedded_Autonomous_TA/Installations/S32DS_Vision_v2018.R1/S32DS/s32v234_sdk/libs/utils/common/build-v234ce-gnu-linux-d'
make[2]: Entering directory '/f/Spring_2021/Embedded_Autonomous_TA/Installations/S32DS_Vision_v2018.R1/S32DS/s32v234_sdk/libs/utils/common/build-v234ce-gnu-linux-d'
make[2]: Nothing to be done for 'all'.
make[2]: Leaving directory '/f/Spring_2021/Embedded_Autonomous_TA/Installations/S32DS_Vision_v2018.R1/S32DS/s32v234_sdk/libs/utils/common/build-v234ce-gnu-linux-d'
make[1]: Leaving directory '/f/Spring_2021/Embedded_Autonomous_TA/Installations/S32DS_Vision_v2018.R1/S32DS/s32v234_sdk/libs/utils/common/build-v234ce-gnu-linux-d'
make[1]: Entering directory '/f/Spring_2021/Embedded_Autonomous_TA/Installations/S32DS_Vision_v2018.R1/S32DS/s32v234_sdk/libs/utils/umat/build-v234ce-gnu-linux-d'
make[2]: Entering directory '/f/Spring_2021/Embedded_Autonomous_TA/Installations/S32DS_Vision_v2018.R1/S32DS/s32v234_sdk/libs/utils/umat/build-v234ce-gnu-linux-d'
make[3]: Entering directory '/f/Spring_2021/Embedded_Autonomous_TA/Installations/S32DS_Vision_v2018.R1/S32DS/s32v234_sdk/libs/utils/umat/build-v234ce-gnu-linux-d'
make[4]: Entering directory '/f/Spring_2021/Embedded_Autonomous_TA/Installations/S32DS_Vision_v2018.R1/S32DS/s32v234_sdk/libs/utils/umat/build-v234ce-gnu-linux-d'
make[4]: Nothing to be done for 'all'.
make[4]: Leaving directory '/f/Spring_2021/Embedded_Autonomous_TA/Installations/S32DS_Vision_v2018.R1/S32DS/s32v234_sdk/libs/utils/umat/build-v234ce-gnu-linux-d'
make[3]: Leaving directory '/f/Spring_2021/Embedded_Autonomous_TA/Installations/S32DS_Vision_v2018.R1/S32DS/s32v234_sdk/libs/utils/umat/build-v234ce-gnu-linux-d'
make[2]: Leaving directory '/f/Spring_2021/Embedded_Autonomous_TA/Installations/S32DS_Vision_v2018.R1/S32DS/s32v234_sdk/libs/utils/umat/build-v234ce-gnu-linux-d'
make[1]: Leaving directory '/f/Spring_2021/Embedded_Autonomous_TA/Installations/S32DS_Vision_v2018.R1/S32DS/s32v234_sdk/libs/utils/umat/build-v234ce-gnu-linux-d'
make[1]: Entering directory '/f/Spring_2021/Embedded_Autonomous_TA/Installations/S32DS_Vision_v2018.R1/S32DS/s32v234_sdk/isp/graphs/rgb_yuv_gs8/dynamic_rgb_yuv_gs8/build-v234ce-gnu-linux-d'
make[-]: skipping directory /f/Spring_2021/Embedded_Autonomous_TA/Installations/S32DS_Vision_v2018.R1/S32DS/s32v234_sdk/isp/firmware/build-v234ce-gnu-linux-d
make[2]: Entering directory '/f/Spring_2021/Embedded_Autonomous_TA/Installations/S32DS_Vision_v2018.R1/S32DS/s32v234_sdk/isp/graphs/rgb_yuv_gs8/dynamic_rgb_yuv_gs8/build-v234ce-gnu-linux-d'
make[2]: Leaving directory '/f/Spring_2021/Embedded_Autonomous_TA/Installations/S32DS_Vision_v2018.R1/S32DS/s32v234_sdk/isp/graphs/rgb_yuv_gs8/dynamic_rgb_yuv_gs8/build-v234ce-gnu-linux-d'
make[1]: Leaving directory '/f/Spring_2021/Embedded_Autonomous_TA/Installations/S32DS_Vision_v2018.R1/S32DS/s32v234_sdk/isp/graphs/rgb_yuv_gs8/dynamic_rgb_yuv_gs8/build-v234ce-gnu-linux-d'
make[1]: Entering directory '/f/Spring_2021/Embedded_Autonomous_TA/Installations/S32DS_Vision_v2018.R1/S32DS/s32v234_sdk/libs/isp/jpegdec/user/build-v234ce-gnu-linux-d'
make[2]: Entering directory '/f/Spring_2021/Embedded_Autonomous_TA/Installations/S32DS_Vision_v2018.R1/S32DS/s32v234_sdk/libs/isp/jpegdec/user/build-v234ce-gnu-linux-d'
make[2]: Nothing to be done for 'all'.
make[2]: Leaving directory '/f/Spring_2021/Embedded_Autonomous_TA/Installations/S32DS_Vision_v2018.R1/S32DS/s32v234_sdk/libs/isp/jpegdec/user/build-v234ce-gnu-linux-d'
make[1]: Leaving directory '/f/Spring_2021/Embedded_Autonomous_TA/Installations/S32DS_Vision_v2018.R1/S32DS/s32v234_sdk/libs/isp/jpegdec/user/build-v234ce-gnu-linux-d'
make[1]: Entering directory '/f/Spring_2021/Embedded_Autonomous_TA/Installations/S32DS_Vision_v2018.R1/S32DS/s32v234_sdk/libs/isp/h264enc/user/build-v234ce-gnu-linux-d'
make[2]: Entering directory '/f/Spring_2021/Embedded_Autonomous_TA/Installations/S32DS_Vision_v2018.R1/S32DS/s32v234_sdk/libs/isp/h264enc/user/build-v234ce-gnu-linux-d'
make[2]: Nothing to be done for 'all'.
make[2]: Leaving directory '/f/Spring_2021/Embedded_Autonomous_TA/Installations/S32DS_Vision_v2018.R1/S32DS/s32v234_sdk/libs/isp/h264enc/user/build-v234ce-gnu-linux-d'
make[1]: Leaving directory '/f/Spring_2021/Embedded_Autonomous_TA/Installations/S32DS_Vision_v2018.R1/S32DS/s32v234_sdk/libs/isp/h264enc/user/build-v234ce-gnu-linux-d'
make[1]: Entering directory '/f/Spring_2021/Embedded_Autonomous_TA/Installations/S32DS_Vision_v2018.R1/S32DS/s32v234_sdk/libs/isp/h264dec/user/build-v234ce-gnu-linux-d'
make[2]: Entering directory '/f/Spring_2021/Embedded_Autonomous_TA/Installations/S32DS_Vision_v2018.R1/S32DS/s32v234_sdk/libs/isp/h264dec/user/build-v234ce-gnu-linux-d'
make[2]: Nothing to be done for 'all'.
make[2]: Leaving directory '/f/Spring_2021/Embedded_Autonomous_TA/Installations/S32DS_Vision_v2018.R1/S32DS/s32v234_sdk/libs/isp/h264dec/user/build-v234ce-gnu-linux-d'
make[1]: Leaving directory '/f/Spring_2021/Embedded_Autonomous_TA/Installations/S32DS_Vision_v2018.R1/S32DS/s32v234_sdk/libs/isp/h264dec/user/build-v234ce-gnu-linux-d'
make[1]: Entering directory '/f/Spring_2021/Embedded_Autonomous_TA/Installations/S32DS_Vision_v2018.R1/S32DS/s32v234_sdk/libs/isp/viu/user/build-v234ce-gnu-linux-d'
make[2]: Entering directory '/f/Spring_2021/Embedded_Autonomous_TA/Installations/S32DS_Vision_v2018.R1/S32DS/s32v234_sdk/libs/isp/viu/user/build-v234ce-gnu-linux-d'
make[2]: Nothing to be done for 'all'.
make[2]: Leaving directory '/f/Spring_2021/Embedded_Autonomous_TA/Installations/S32DS_Vision_v2018.R1/S32DS/s32v234_sdk/libs/isp/viu/user/build-v234ce-gnu-linux-d'
make[1]: Leaving directory '/f/Spring_2021/Embedded_Autonomous_TA/Installations/S32DS_Vision_v2018.R1/S32DS/s32v234_sdk/libs/isp/viu/user/build-v234ce-gnu-linux-d'
make[1]: Entering directory '/f/Spring_2021/Embedded_Autonomous_TA/Installations/S32DS_Vision_v2018.R1/S32DS/s32v234_sdk/demos/isp/isp_sonyimx224_rgb_yuv_gs8/build-v234ce-gnu-linux-d'
  arm64/gnu/debug LD  isp_sonyimx224_rgb_yuv_gs8.elf  <=  main-cpp.o ../../../../libs/io/frame_io/build-v234ce-gnu-linux-d/libframe_io.a ../../../../libs/io/sdi/build-v234ce-gnu-linux-d/libsdi.a ../../../../libs/isp/csi/user/build-v234ce-gnu-linux-d/libcsidrv.a ../../../../libs/isp/cam_generic/user/build-v234ce-gnu-linux-d/libcamdrv.a ../../../../libs/utils/log/build-v234ce-gnu-linux-d/liblog.a ../../../../libs/isp/sequencer/user/build-v234ce-gnu-linux-d/libseqdrv.a ../../../../libs/isp/fdma/user/build-v234ce-gnu-linux-d/libfdmadrv.a ../../../../libs/utils/oal/user/build-v234ce-gnu-linux-d/liboal.a ../../../../libs/utils/common/build-v234ce-gnu-linux-d/libcommon.a ../../../../libs/utils/umat/build-v234ce-gnu-linux-d/libumat.a ../../../../isp/graphs/rgb_yuv_gs8/dynamic_rgb_yuv_gs8/build-v234ce-gnu-linux-d/libdynamic_rgb_yuv_gs8.a ../../../../libs/isp/jpegdec/user/build-v234ce-gnu-linux-d/libjpegdecdrv.a ../../../../libs/isp/h264enc/user/build-v234ce-gnu-linux-d/libh264encdrv.a ../../../../libs/isp/h264dec/user/build-v234ce-gnu-linux-d/libh264decdrv.a ../../../../libs/isp/viu/user/build-v234ce-gnu-linux-d/libviudrv.a
../../../../3rdparty/ocv/linux-arm64/lib//libopencv_core.so: undefined reference to `VTT for std::__cxx11::basic_stringstream<char, std::char_traits<char>, std::allocator<char> >@GLIBCXX_3.4.21'
../../../../3rdparty/ocv/linux-arm64/lib//libopencv_core.so: undefined reference to `vtable for std::basic_streambuf<char, std::char_traits<char> >@GLIBCXX_3.4'
../../../../3rdparty/ocv/linux-arm64/lib//libopencv_core.so: undefined reference to `__cxa_throw_bad_array_new_length@CXXABI_1.3.8'
../../../../3rdparty/ocv/linux-arm64/lib//libopencv_core.so: undefined reference to `std::__cxx11::basic_string<char, std::char_traits<char>, std::allocator<char> >::_M_create(unsigned long&, unsigned long)@GLIBCXX_3.4.21'
../../../../3rdparty/ocv/linux-arm64/lib//libopencv_core.so: undefined reference to `__cxa_allocate_exception@CXXABI_1.3'
../../../../3rdparty/ocv/linux-arm64/lib//libopencv_core.so: undefined reference to `std::basic_ios<char, std::char_traits<char> >::init(std::basic_streambuf<char, std::char_traits<char> >*)@GLIBCXX_3.4'
../../../../3rdparty/ocv/linux-arm64/lib//libopencv_core.so: undefined reference to `std::istream& std::istream::_M_extract<unsigned long>(unsigned long&)@GLIBCXX_3.4.9'
../../../../3rdparty/ocv/linux-arm64/lib//libopencv_core.so: undefined reference to `std::istream& std::istream::_M_extract<double>(double&)@GLIBCXX_3.4.9'
../../../../3rdparty/ocv/linux-arm64/lib//libopencv_core.so: undefined reference to `std::ostream::put(char)@GLIBCXX_3.4'
../../../../3rdparty/ocv/linux-arm64/lib//libopencv_core.so: undefined reference to `std::__cxx11::basic_string<char, std::char_traits<char>, std::allocator<char> >::operator=(std::__cxx11::basic_string<char, std::char_traits<char>, std::allocator<char> >&&)@GLIBCXX_3.4.21'
../../../../3rdparty/ocv/linux-arm64/lib//libopencv_core.so: undefined reference to `std::__cxx11::basic_stringbuf<char, std::char_traits<char>, std::allocator<char> >::str() const@GLIBCXX_3.4.21'
../../../../3rdparty/ocv/linux-arm64/lib//libopencv_core.so: undefined reference to `std::__detail::_List_node_base::_M_unhook()@GLIBCXX_3.4.15'
../../../../3rdparty/ocv/linux-arm64/lib//libopencv_core.so: undefined reference to `std::__cxx11::basic_string<char, std::char_traits<char>, std::allocator<char> >::_M_replace(unsigned long, unsigned long, char const*, unsigned long)@GLIBCXX_3.4.21'
../../../../3rdparty/ocv/linux-arm64/lib//libopencv_core.so: undefined reference to `std::basic_ostream<char, std::char_traits<char> >& std::__ostream_insert<char, std::char_traits<char> >(std::basic_ostream<char, std::char_traits<char> >&, char const*, long)@GLIBCXX_3.4.9'
../../../../3rdparty/ocv/linux-arm64/lib//libopencv_core.so: undefined reference to `__cxa_throw@CXXABI_1.3'
../../../../3rdparty/ocv/linux-arm64/lib//libopencv_core.so: undefined reference to `std::basic_ostream<char, std::char_traits<char> >& std::endl<char, std::char_traits<char> >(std::basic_ostream<char, std::char_traits<char> >&)@GLIBCXX_3.4'
../../../../3rdparty/ocv/linux-arm64/lib//libopencv_core.so: undefined reference to `operator delete(void*)@GLIBCXX_3.4'
../../../../3rdparty/ocv/linux-arm64/lib//libopencv_core.so: undefined reference to `std::locale::locale()@GLIBCXX_3.4'
../../../../3rdparty/ocv/linux-arm64/lib//libopencv_core.so: undefined reference to `__cxa_guard_release@CXXABI_1.3'
../../../../3rdparty/ocv/linux-arm64/lib//libopencv_core.so: undefined reference to `std::_Rb_tree_decrement(std::_Rb_tree_node_base*)@GLIBCXX_3.4'
../../../../3rdparty/ocv/linux-arm64/lib//libopencv_core.so: undefined reference to `vtable for std::__cxx11::basic_stringbuf<char, std::char_traits<char>, std::allocator<char> >@GLIBCXX_3.4.21'
../../../../3rdparty/ocv/linux-arm64/lib//libopencv_core.so: undefined reference to `vtable for std::__cxx11::basic_stringstream<char, std::char_traits<char>, std::allocator<char> >@GLIBCXX_3.4.21'
../../../../3rdparty/ocv/linux-arm64/lib//libopencv_core.so: undefined reference to `std::__detail::_List_node_base::_M_hook(std::__detail::_List_node_base*)@GLIBCXX_3.4.15'
../../../../3rdparty/ocv/linux-arm64/lib//libopencv_core.so: undefined reference to `std::__cxx11::basic_string<char, std::char_traits<char>, std::allocator<char> >::_M_assign(std::__cxx11::basic_string<char, std::char_traits<char>, std::allocator<char> > const&)@GLIBCXX_3.4.21'
../../../../3rdparty/ocv/linux-arm64/lib//libopencv_core.so: undefined reference to `std::__cxx11::basic_istringstream<char, std::char_traits<char>, std::allocator<char> >::~basic_istringstream()@GLIBCXX_3.4.21'
../../../../3rdparty/ocv/linux-arm64/lib//libopencv_core.so: undefined reference to `operator new(unsigned long)@GLIBCXX_3.4'
../../../../3rdparty/ocv/linux-arm64/lib//libopencv_core.so: undefined reference to `std::locale::~locale()@GLIBCXX_3.4'
../../../../3rdparty/ocv/linux-arm64/lib//libopencv_core.so: undefined reference to `__cxa_guard_acquire@CXXABI_1.3'
../../../../3rdparty/ocv/linux-arm64/lib//libopencv_core.so: undefined reference to `std::__throw_logic_error(char const*)@GLIBCXX_3.4'
../../../../3rdparty/ocv/linux-arm64/lib//libopencv_core.so: undefined reference to `vtable for std::__cxx11::basic_istringstream<char, std::char_traits<char>, std::allocator<char> >@GLIBCXX_3.4.21'
../../../../3rdparty/ocv/linux-arm64/lib//libopencv_core.so: undefined reference to `vtable for __cxxabiv1::__class_type_info@CXXABI_1.3'
../../../../3rdparty/ocv/linux-arm64/lib//libopencv_core.so: undefined reference to `std::basic_istream<char, std::char_traits<char> >& std::operator>><char, std::char_traits<char>, std::allocator<char> >(std::basic_istream<char, std::char_traits<char> >&, std::__cxx11::basic_string<char, std::char_traits<char>, std::allocator<char> >&)@GLIBCXX_3.4.21'
../../../../3rdparty/ocv/linux-arm64/lib//libopencv_core.so: undefined reference to `__cxa_end_catch@CXXABI_1.3'
../../../../3rdparty/ocv/linux-arm64/lib//libopencv_core.so: undefined reference to `__cxa_rethrow@CXXABI_1.3'
../../../../3rdparty/ocv/linux-arm64/lib//libopencv_core.so: undefined reference to `vtable for std::__cxx11::basic_ostringstream<char, std::char_traits<char>, std::allocator<char> >@GLIBCXX_3.4.21'
../../../../3rdparty/ocv/linux-arm64/lib//libopencv_core.so: undefined reference to `std::_Rb_tree_increment(std::_Rb_tree_node_base*)@GLIBCXX_3.4'
../../../../3rdparty/ocv/linux-arm64/lib//libopencv_core.so: undefined reference to `std::ios_base::ios_base()@GLIBCXX_3.4'
../../../../3rdparty/ocv/linux-arm64/lib//libopencv_core.so: undefined reference to `std::_Rb_tree_increment(std::_Rb_tree_node_base const*)@GLIBCXX_3.4'
../../../../3rdparty/ocv/linux-arm64/lib//libopencv_core.so: undefined reference to `vtable for std::basic_ios<char, std::char_traits<char> >@GLIBCXX_3.4'
../../../../3rdparty/ocv/linux-arm64/lib//libopencv_core.so: undefined reference to `VTT for std::__cxx11::basic_istringstream<char, std::char_traits<char>, std::allocator<char> >@GLIBCXX_3.4.21'
../../../../3rdparty/ocv/linux-arm64/lib//libopencv_core.so: undefined reference to `std::ostream::flush()@GLIBCXX_3.4'
../../../../3rdparty/ocv/linux-arm64/lib//libopencv_core.so: undefined reference to `std::ctype<char>::_M_widen_init() const@GLIBCXX_3.4.11'
../../../../3rdparty/ocv/linux-arm64/lib//libopencv_core.so: undefined reference to `std::cout@GLIBCXX_3.4'
../../../../3rdparty/ocv/linux-arm64/lib//libopencv_core.so: undefined reference to `std::basic_istream<char, std::char_traits<char> >& std::getline<char, std::char_traits<char>, std::allocator<char> >(std::basic_istream<char, std::char_traits<char> >&, std::__cxx11::basic_string<char, std::char_traits<char>, std::allocator<char> >&, char)@GLIBCXX_3.4.21'
../../../../3rdparty/ocv/linux-arm64/lib//libopencv_core.so: undefined reference to `std::__throw_bad_cast()@GLIBCXX_3.4'
../../../../3rdparty/ocv/linux-arm64/lib//libopencv_core.so: undefined reference to `std::ios_base::Init::Init()@GLIBCXX_3.4'
../../../../3rdparty/ocv/linux-arm64/lib//libopencv_core.so: undefined reference to `__gxx_personality_v0@CXXABI_1.3'
../../../../3rdparty/ocv/linux-arm64/lib//libopencv_core.so: undefined reference to `std::ostream::operator<<(short)@GLIBCXX_3.4'
../../../../3rdparty/ocv/linux-arm64/lib//libopencv_core.so: undefined reference to `std::istream& std::istream::_M_extract<unsigned int>(unsigned int&)@GLIBCXX_3.4.9'
../../../../3rdparty/ocv/linux-arm64/lib//libopencv_core.so: undefined reference to `std::ios_base::Init::~Init()@GLIBCXX_3.4'
../../../../3rdparty/ocv/linux-arm64/lib//libopencv_core.so: undefined reference to `__cxa_free_exception@CXXABI_1.3'
../../../../3rdparty/ocv/linux-arm64/lib//libopencv_core.so: undefined reference to `operator delete[](void*)@GLIBCXX_3.4'
../../../../3rdparty/ocv/linux-arm64/lib//libopencv_core.so: undefined reference to `std::__cxx11::basic_stringbuf<char, std::char_traits<char>, std::allocator<char> >::_M_sync(char*, unsigned long, unsigned long)@GLIBCXX_3.4.21'
../../../../3rdparty/ocv/linux-arm64/lib//libopencv_core.so: undefined reference to `__cxa_guard_abort@CXXABI_1.3'
../../../../3rdparty/ocv/linux-arm64/lib//libopencv_core.so: undefined reference to `std::exception::~exception()@GLIBCXX_3.4'
../../../../3rdparty/ocv/linux-arm64/lib//libopencv_core.so: undefined reference to `typeinfo for std::exception@GLIBCXX_3.4'
../../../../3rdparty/ocv/linux-arm64/lib//libopencv_core.so: undefined reference to `std::ostream& std::ostream::_M_insert<unsigned long>(unsigned long)@GLIBCXX_3.4.9'
../../../../3rdparty/ocv/linux-arm64/lib//libopencv_core.so: undefined reference to `operator delete[](void*, unsigned long)@CXXABI_1.3.9'
../../../../3rdparty/ocv/linux-arm64/lib//libopencv_core.so: undefined reference to `std::istream& std::istream::_M_extract<float>(float&)@GLIBCXX_3.4.9'
../../../../3rdparty/ocv/linux-arm64/lib//libopencv_core.so: undefined reference to `std::__cxx11::basic_ostringstream<char, std::char_traits<char>, std::allocator<char> >::~basic_ostringstream()@GLIBCXX_3.4.21'
../../../../3rdparty/ocv/linux-arm64/lib//libopencv_core.so: undefined reference to `VTT for std::__cxx11::basic_ostringstream<char, std::char_traits<char>, std::allocator<char> >@GLIBCXX_3.4.21'
../../../../3rdparty/ocv/linux-arm64/lib//libopencv_core.so: undefined reference to `std::istream::operator>>(int&)@GLIBCXX_3.4'
../../../../3rdparty/ocv/linux-arm64/lib//libopencv_core.so: undefined reference to `vtable for __cxxabiv1::__si_class_type_info@CXXABI_1.3'
../../../../3rdparty/ocv/linux-arm64/lib//libopencv_core.so: undefined reference to `std::__throw_length_error(char const*)@GLIBCXX_3.4'
../../../../3rdparty/ocv/linux-arm64/lib//libopencv_core.so: undefined reference to `std::ostream::operator<<(int)@GLIBCXX_3.4'
../../../../3rdparty/ocv/linux-arm64/lib//libopencv_core.so: undefined reference to `__cxa_begin_catch@CXXABI_1.3'
../../../../3rdparty/ocv/linux-arm64/lib//libopencv_core.so: undefined reference to `std::ios_base::~ios_base()@GLIBCXX_3.4'
../../../../3rdparty/ocv/linux-arm64/lib//libopencv_core.so: undefined reference to `std::ostream& std::ostream::_M_insert<double>(double)@GLIBCXX_3.4.9'
../../../../3rdparty/ocv/linux-arm64/lib//libopencv_core.so: undefined reference to `vtable for __cxxabiv1::__vmi_class_type_info@CXXABI_1.3'
../../../../3rdparty/ocv/linux-arm64/lib//libopencv_core.so: undefined reference to `operator new[](unsigned long)@GLIBCXX_3.4'
../../../../3rdparty/ocv/linux-arm64/lib//libopencv_core.so: undefined reference to `__cxa_pure_virtual@CXXABI_1.3'
../../../../3rdparty/ocv/linux-arm64/lib//libopencv_core.so: undefined reference to `operator delete(void*, unsigned long)@CXXABI_1.3.9'
../../../../3rdparty/ocv/linux-arm64/lib//libopencv_core.so: undefined reference to `std::__throw_bad_alloc()@GLIBCXX_3.4'
../../../../3rdparty/ocv/linux-arm64/lib//libopencv_core.so: undefined reference to `std::cerr@GLIBCXX_3.4'
../../../../3rdparty/ocv/linux-arm64/lib//libopencv_core.so: undefined reference to `std::_Rb_tree_insert_and_rebalance(bool, std::_Rb_tree_node_base*, std::_Rb_tree_node_base*, std::_Rb_tree_node_base&)@GLIBCXX_3.4'
../../../../3rdparty/ocv/linux-arm64/lib//libopencv_core.so: undefined reference to `std::__cxx11::basic_string<char, std::char_traits<char>, std::allocator<char> >::find(char const*, unsigned long, unsigned long) const@GLIBCXX_3.4.21'
../../../../3rdparty/ocv/linux-arm64/lib//libopencv_core.so: undefined reference to `std::__cxx11::basic_string<char, std::char_traits<char>, std::allocator<char> >::compare(char const*) const@GLIBCXX_3.4.21'
../../../../3rdparty/ocv/linux-arm64/lib//libopencv_core.so: undefined reference to `std::__cxx11::basic_stringstream<char, std::char_traits<char>, std::allocator<char> >::~basic_stringstream()@GLIBCXX_3.4.21'
../../../../3rdparty/ocv/linux-arm64/lib//libopencv_core.so: undefined reference to `std::terminate()@GLIBCXX_3.4'
collect2.exe: error: ld returned 1 exit status
make[1]: *** [../../../../build/nbuild/.C0.mk:138: isp_sonyimx224_rgb_yuv_gs8.elf] Error 1
make[1]: Leaving directory '/f/Spring_2021/Embedded_Autonomous_TA/Installations/S32DS_Vision_v2018.R1/S32DS/s32v234_sdk/demos/isp/isp_sonyimx224_rgb_yuv_gs8/build-v234ce-gnu-linux-d'
make: *** [../../../../build/nbuild/sub.mk:74: allsub] Terminated

01:22:41 Build Finished (took 3s.710ms)

